INFO [2025-11-24 13:28:52] $x
INFO [2025-11-24 13:28:52] list(DESeq2 = de_paths, DEXSeq = dex_paths)
INFO [2025-11-24 13:28:52] 
INFO [2025-11-24 13:28:52] $filename
INFO [2025-11-24 13:28:52] NULL
INFO [2025-11-24 13:28:52] 
INFO [2025-11-24 13:28:52] $fill
INFO [2025-11-24 13:28:52] c("#69b3ff", "#ff7b7b")
INFO [2025-11-24 13:28:52] 
INFO [2025-11-24 13:28:52] $alpha
INFO [2025-11-24 13:28:52] [1] 0.6
INFO [2025-11-24 13:28:52] 
INFO [2025-11-24 13:28:52] $cex
INFO [2025-11-24 13:28:52] [1] 1.8
INFO [2025-11-24 13:28:52] 
INFO [2025-11-24 13:28:52] $fontface
INFO [2025-11-24 13:28:52] [1] "bold"
INFO [2025-11-24 13:28:52] 
INFO [2025-11-24 13:28:52] $cat.cex
INFO [2025-11-24 13:28:52] [1] 1.5
INFO [2025-11-24 13:28:52] 
INFO [2025-11-24 13:28:52] $cat.fontface
INFO [2025-11-24 13:28:52] [1] "bold"
INFO [2025-11-24 13:28:52] 
INFO [2025-11-24 13:28:52] $cat.pos
INFO [2025-11-24 13:28:52] c(-35, 20)
INFO [2025-11-24 13:28:52] 
INFO [2025-11-24 13:28:52] $cat.dist
INFO [2025-11-24 13:28:52] [1] 0.06
INFO [2025-11-24 13:28:52] 
INFO [2025-11-24 13:28:52] $main
INFO [2025-11-24 13:28:52] [1] "Overlap of Enriched BP Pathways\nDESeq2 vs DEXSeq"
INFO [2025-11-24 13:28:52] 
INFO [2025-11-24 13:28:52] $main.cex
INFO [2025-11-24 13:28:52] [1] 1.6
INFO [2025-11-24 13:28:52] 
