INFO [2025-12-03 16:05:53] $x
INFO [2025-12-03 16:05:53] list(DESeq2 = de_paths, DEXSeq = dex_paths)
INFO [2025-12-03 16:05:53] 
INFO [2025-12-03 16:05:53] $filename
INFO [2025-12-03 16:05:53] NULL
INFO [2025-12-03 16:05:53] 
INFO [2025-12-03 16:05:53] $fill
INFO [2025-12-03 16:05:53] c("#69b3ff", "#ff7b7b")
INFO [2025-12-03 16:05:53] 
INFO [2025-12-03 16:05:53] $alpha
INFO [2025-12-03 16:05:53] [1] 0.6
INFO [2025-12-03 16:05:53] 
INFO [2025-12-03 16:05:53] $cex
INFO [2025-12-03 16:05:53] [1] 1.8
INFO [2025-12-03 16:05:53] 
INFO [2025-12-03 16:05:53] $fontface
INFO [2025-12-03 16:05:53] [1] "bold"
INFO [2025-12-03 16:05:53] 
INFO [2025-12-03 16:05:53] $cat.cex
INFO [2025-12-03 16:05:53] [1] 1.5
INFO [2025-12-03 16:05:53] 
INFO [2025-12-03 16:05:53] $cat.fontface
INFO [2025-12-03 16:05:53] [1] "bold"
INFO [2025-12-03 16:05:53] 
INFO [2025-12-03 16:05:53] $cat.pos
INFO [2025-12-03 16:05:53] c(-35, 20)
INFO [2025-12-03 16:05:53] 
INFO [2025-12-03 16:05:53] $cat.dist
INFO [2025-12-03 16:05:53] [1] 0.06
INFO [2025-12-03 16:05:53] 
INFO [2025-12-03 16:05:53] $main
INFO [2025-12-03 16:05:53] [1] "Overlap of Enriched BP Pathways\nDESeq2 vs DEXSeq"
INFO [2025-12-03 16:05:53] 
INFO [2025-12-03 16:05:53] $main.cex
INFO [2025-12-03 16:05:53] [1] 1.6
INFO [2025-12-03 16:05:53] 
